#
# There is insufficient memory for the Java Runtime Environment to continue.
# Native memory allocation (malloc) failed to allocate 1048576 bytes for AllocateHeap
# Possible reasons:
#   The system is out of physical RAM or swap space
#   In 32 bit mode, the process size limit was hit
# Possible solutions:
#   Reduce memory load on the system
#   Increase physical memory or swap space
#   Check if swap backing store is full
#   Use 64 bit Java on a 64 bit OS
#   Decrease Java heap size (-Xmx/-Xms)
#   Decrease number of Java threads
#   Decrease Java thread stack sizes (-Xss)
#   Set larger code cache with -XX:ReservedCodeCacheSize=
# This output file may be truncated or incomplete.
#
#  Out of Memory Error (memory/allocation.inline.hpp:61), pid=17452, tid=0x000000000000446c
#
# JRE version:  (8.0_181-b13) (build )
# Java VM: Java HotSpot(TM) 64-Bit Server VM (25.181-b13 mixed mode windows-amd64 compressed oops)
# Failed to write core dump. Minidumps are not enabled by default on client versions of Windows
#

---------------  T H R E A D  ---------------

Current thread (0x000000000034f000):  JavaThread "Unknown thread" [_thread_in_vm, id=17516, stack(0x0000000002370000,0x0000000002470000)]

Stack: [0x0000000002370000,0x0000000002470000]
[error occurred during error reporting (printing stack bounds), id 0xc0000005]

Native frames: (J=compiled Java code, j=interpreted, Vv=VM code, C=native code)


---------------  P R O C E S S  ---------------

Java Threads: ( => current thread )

Other Threads:

=>0x000000000034f000 (exited) JavaThread "Unknown thread" [_thread_in_vm, id=17516, stack(0x0000000002370000,0x0000000002470000)]

VM state:not at safepoint (normal execution)

VM Mutex/Monitor currently owned by a thread: None

Heap:
 PSYoungGen      total 38400K, used 665K [0x00000000d5e00000, 0x00000000d8880000, 0x0000000100000000)
  eden space 33280K, 2% used [0x00000000d5e00000,0x00000000d5ea6670,0x00000000d7e80000)
  from space 5120K, 0% used [0x00000000d8380000,0x00000000d8380000,0x00000000d8880000)
  to   space 5120K, 0% used [0x00000000d7e80000,0x00000000d7e80000,0x00000000d8380000)
 ParOldGen       total 87552K, used 0K [0x0000000081a00000, 0x0000000086f80000, 0x00000000d5e00000)
  object space 87552K, 0% used [0x0000000081a00000,0x0000000081a00000,0x0000000086f80000)
 Metaspace       used 751K, capacity 4480K, committed 4480K, reserved 1060864K
  class space    used 76K, capacity 384K, committed 384K, reserved 1048576K

Card table byte_map: [0x0000000011b00000,0x0000000011f00000] byte_map_base: 0x00000000116f3000

Marking Bits: (ParMarkBitMap*) 0x0000000072b92d00
 Begin Bits: [0x0000000012750000, 0x00000000146e8000)
 End Bits:   [0x00000000146e8000, 0x0000000016680000)

Polling page: 0x0000000000330000

CodeCache: size=245760Kb used=328Kb max_used=328Kb free=245431Kb
 bounds [0x0000000002740000, 0x00000000029b0000, 0x0000000011740000]
 total_blobs=58 nmethods=0 adapters=38
 compilation: enabled

Compilation events (0 events):
No events

GC Heap History (0 events):
No events

Deoptimization events (0 events):
No events

Classes redefined (0 events):
No events

Internal exceptions (0 events):
No events

Events (10 events):
Event: 0.424 loading class java/lang/Short
Event: 0.424 loading class java/lang/Short done
Event: 0.424 loading class java/lang/Integer
Event: 0.424 loading class java/lang/Integer done
Event: 0.424 loading class java/lang/Long
Event: 0.424 loading class java/lang/Long done
Event: 0.425 loading class java/lang/NullPointerException
Event: 0.425 loading class java/lang/NullPointerException done
Event: 0.425 loading class java/lang/ArithmeticException
Event: 0.425 loading class java/lang/ArithmeticException done


Dynamic libraries:
0x000000013f5e0000 - 0x000000013f617000 	C:\Program Files\Java\jre1.8.0_181\bin\javaw.exe
0x00000000778e0000 - 0x0000000077a7f000 	C:\Windows\SYSTEM32\ntdll.dll
0x00000000777c0000 - 0x00000000778df000 	C:\Windows\system32\kernel32.dll
0x000007fefd780000 - 0x000007fefd7ea000 	C:\Windows\system32\KERNELBASE.dll
0x000007feff6c0000 - 0x000007feff79b000 	C:\Windows\system32\ADVAPI32.dll
0x000007fefdaf0000 - 0x000007fefdb8f000 	C:\Windows\system32\msvcrt.dll
0x000007feff640000 - 0x000007feff65f000 	C:\Windows\SYSTEM32\sechost.dll
0x000007fefdba0000 - 0x000007fefdccd000 	C:\Windows\system32\RPCRT4.dll
0x00000000776c0000 - 0x00000000777ba000 	C:\Windows\system32\USER32.dll
0x000007feffb60000 - 0x000007feffbc7000 	C:\Windows\system32\GDI32.dll
0x000007fefdac0000 - 0x000007fefdace000 	C:\Windows\system32\LPK.dll
0x000007feffa90000 - 0x000007feffb5b000 	C:\Windows\system32\USP10.dll
0x000007fefbd30000 - 0x000007fefbf24000 	C:\Windows\WinSxS\amd64_microsoft.windows.common-controls_6595b64144ccf1df_6.0.7601.18837_none_fa3b1e3d17594757\COMCTL32.dll
0x000007fefeba0000 - 0x000007fefec11000 	C:\Windows\system32\SHLWAPI.dll
0x000007fefeb70000 - 0x000007fefeb9e000 	C:\Windows\system32\IMM32.DLL
0x000007fefea60000 - 0x000007fefeb69000 	C:\Windows\system32\MSCTF.dll
0x0000000072ef0000 - 0x0000000072fc2000 	C:\Program Files\Java\jre1.8.0_181\bin\msvcr100.dll
0x0000000072370000 - 0x0000000072c12000 	C:\Program Files\Java\jre1.8.0_181\bin\server\jvm.dll
0x000007fef4b80000 - 0x000007fef4b89000 	C:\Windows\system32\WSOCK32.dll
0x000007feffa40000 - 0x000007feffa8d000 	C:\Windows\system32\WS2_32.dll
0x000007fefdb90000 - 0x000007fefdb98000 	C:\Windows\system32\NSI.dll
0x000007fef9e30000 - 0x000007fef9e6b000 	C:\Windows\system32\WINMM.dll
0x000007fefc510000 - 0x000007fefc51c000 	C:\Windows\system32\VERSION.dll
0x0000000077a80000 - 0x0000000077a87000 	C:\Windows\system32\PSAPI.DLL
0x0000000074080000 - 0x000000007408f000 	C:\Program Files\Java\jre1.8.0_181\bin\verify.dll
0x0000000074050000 - 0x0000000074079000 	C:\Program Files\Java\jre1.8.0_181\bin\java.dll
0x0000000074030000 - 0x0000000074046000 	C:\Program Files\Java\jre1.8.0_181\bin\zip.dll

VM Arguments:
jvm_args: -Dfile.encoding=Cp1252 
java_command: principal.Main
java_class_path (initial): C:\Users\1DAM\Desktop\matrices\Daw Inicio Proyectos\bin
Launcher Type: SUN_STANDARD

Environment Variables:
PATH=C:/Program Files/Java/jre1.8.0_181/bin/server;C:/Program Files/Java/jre1.8.0_181/bin;C:/Program Files/Java/jre1.8.0_181/lib/amd64;C:\oraclexe\app\oracle\product\11.2.0\server\bin;;C:\Program Files (x86)\Common Files\Oracle\Java\javapath;C:\Windows\system32;C:\Windows;C:\Windows\System32\Wbem;C:\Windows\System32\WindowsPowerShell\v1.0\;C:\Program Files\MySQL\MySQL Server 5.5\bin;C:\Program Files (x86)\Microsoft SQL Server\Client SDK\ODBC\130\Tools\Binn\;C:\Program Files (x86)\Microsoft SQL Server\140\Tools\Binn\;C:\Program Files (x86)\Microsoft SQL Server\140\DTS\Binn\;C:\Program Files (x86)\Microsoft SQL Server\140\Tools\Binn\ManagementStudio\;C:\Program Files\nodejs\;C:\Program Files\SourceGear\Common\DiffMerge\;C:\Program Files\dotnet\;C:\Program Files\Microsoft SQL Server\130\Tools\Binn\;C:\Program Files (x86)\Google\Chrome\Application;C:\oraclexe\app\oracle\product\11.2.0\server\bin;C:\Program Files (x86)\Common Files\Oracle\Java\javapath;C:\Windows\system32;C:\Windows;C:\Windows\System32\Wbem;C:\Windows\System32\WindowsPowerShell\v1.0\;C:\Program Files\MySQL\MySQL Server 5.5\bin;C:\Program Files (x86)\Microsoft SQL Server\Client SDK\ODBC\130\Tools\Binn\;C:\Program Files (x86)\Microsoft SQL Server\140\Tools\Binn\;C:\Program Files (x86)\Microsoft SQL Server\140\DTS\Binn\;C:\Program Files (x86)\Microsoft SQL Server\140\Tools\Binn\ManagementStudio\;C:\Program Files\nodejs\;C:\Users\1DAM\AppData\Local\Programs\Git\cmd;C:\Users\1DAM\Desktop;
USERNAME=1DAM
OS=Windows_NT
PROCESSOR_IDENTIFIER=Intel64 Family 6 Model 42 Stepping 7, GenuineIntel



---------------  S Y S T E M  ---------------

OS: Windows 7 , 64 bit Build 7601 (6.1.7601.24308)

CPU:total 4 (initial active 4) (4 cores per cpu, 1 threads per core) family 6 model 42 stepping 7, cmov, cx8, fxsr, mmx, sse, sse2, sse3, ssse3, sse4.1, sse4.2, popcnt, avx, aes, clmul, tsc, tscinvbit

Memory: 4k page, physical 8273940k(860096k free), swap 33070564k(20456k free)

vm_info: Java HotSpot(TM) 64-Bit Server VM (25.181-b13) for windows-amd64 JRE (1.8.0_181-b13), built on Jul  7 2018 04:01:33 by "java_re" with MS VC++ 10.0 (VS2010)

time: Mon May 20 19:30:20 2019
elapsed time: 0 seconds (0d 0h 0m 0s)

